<?xml version="1.0" encoding="UTF-8"?>
<!-- Generated by org.testng.reporters.JUnitReportReporter -->
<testsuite hostname="ITPL-0095" failures="0" tests="1" name="Test.Pupose.test" time="13.179" errors="0" timestamp="2024-09-06T15:44:32 IST" skipped="0">
  <testcase classname="Test.Pupose.test" name="xcc" time="13.179"/>
  <system-out/>
</testsuite> <!-- Test.Pupose.test -->
